2024-10-17 10:06:15,191 INFO The number of jobs currently in the queue is: 0
2024-10-17 13:13:13,715 INFO The number of jobs currently in the queue is: 0
2024-10-17 13:13:30,112 INFO Job submission was successful and job_id is 44783341
2024-10-17 13:14:35,340 INFO The number of jobs currently in the queue is: 1
2024-10-17 13:15:35,551 INFO The number of jobs currently in the queue is: 1
2024-10-17 13:16:35,780 INFO The number of jobs currently in the queue is: 1
2024-10-17 13:17:35,998 INFO The number of jobs currently in the queue is: 1
2024-10-17 13:18:36,198 INFO The number of jobs currently in the queue is: 1
2024-10-17 13:19:36,408 INFO The number of jobs currently in the queue is: 1
2024-10-17 13:20:36,617 INFO The number of jobs currently in the queue is: 1
2024-10-17 13:21:36,825 INFO The number of jobs currently in the queue is: 1
2024-10-17 13:22:37,025 INFO The number of jobs currently in the queue is: 1
2024-10-17 13:23:37,232 INFO The number of jobs currently in the queue is: 1
2024-10-17 13:24:37,407 INFO The number of jobs currently in the queue is: 1
2024-10-17 13:25:37,675 INFO The number of jobs currently in the queue is: 1
2024-10-17 13:26:37,924 INFO The number of jobs currently in the queue is: 1
2024-10-17 13:30:11,140 INFO The number of jobs currently in the queue is: 1
2024-10-17 13:31:20,756 INFO The number of jobs currently in the queue is: 1
2024-10-17 13:32:35,002 INFO The number of jobs currently in the queue is: 1
2024-10-17 13:35:35,404 ERROR ----|vvv|----
2024-10-17 13:35:35,404 ERROR Error in job submission with SLURM file FW_submit.script and cmd ['sbatch', 'FW_submit.script']
The error response reads: b'sbatch: error: Batch job submission failed: Requested node configuration is not available\n'
2024-10-17 13:35:35,415 ERROR ----|^^^|----
2024-10-17 13:39:02,631 ERROR ----|vvv|----
2024-10-17 13:39:02,631 ERROR Error in job submission with SLURM file FW_submit.script and cmd ['sbatch', 'FW_submit.script']
The error response reads: b'sbatch: error: Batch job submission failed: Requested node configuration is not available\n'
2024-10-17 13:39:02,631 ERROR ----|^^^|----
2024-10-17 13:39:28,410 ERROR ----|vvv|----
2024-10-17 13:39:28,410 ERROR Error in job submission with SLURM file FW_submit.script and cmd ['sbatch', 'FW_submit.script']
The error response reads: b'sbatch: error: Batch job submission failed: Requested node configuration is not available\n'
2024-10-17 13:39:28,411 ERROR ----|^^^|----
2024-10-17 13:40:07,628 INFO Job submission was successful and job_id is 44783571
2024-10-17 15:29:41,696 INFO The number of jobs currently in the queue is: 1
2024-10-17 15:30:05,256 INFO The number of jobs currently in the queue is: 1
2024-10-17 15:30:12,115 INFO Job submission was successful and job_id is 44785764
2024-10-17 15:31:17,613 INFO The number of jobs currently in the queue is: 1
2024-10-17 15:31:17,865 INFO Job submission was successful and job_id is 44785779
2024-10-17 15:32:23,182 INFO The number of jobs currently in the queue is: 1
2024-10-17 15:32:23,430 INFO Job submission was successful and job_id is 44785786
2024-10-17 15:33:28,832 INFO The number of jobs currently in the queue is: 1
2024-10-17 15:33:29,136 INFO Job submission was successful and job_id is 44785798
2024-10-17 15:34:34,680 INFO The number of jobs currently in the queue is: 1
2024-10-17 15:34:35,034 INFO Job submission was successful and job_id is 44785816
2024-10-17 15:35:40,267 INFO The number of jobs currently in the queue is: 1
2024-10-17 15:35:40,479 INFO Job submission was successful and job_id is 44785823
2024-10-17 15:36:45,849 INFO The number of jobs currently in the queue is: 1
2024-10-17 15:36:46,065 INFO Job submission was successful and job_id is 44785829
2024-10-17 15:37:51,307 INFO The number of jobs currently in the queue is: 1
2024-10-17 15:37:51,491 INFO Job submission was successful and job_id is 44785837
2024-10-17 15:38:56,718 INFO The number of jobs currently in the queue is: 1
2024-10-17 15:38:56,992 INFO Job submission was successful and job_id is 44785846
2024-10-17 15:40:02,230 INFO The number of jobs currently in the queue is: 1
2024-10-17 15:40:02,449 INFO Job submission was successful and job_id is 44785854
2024-10-17 15:41:07,715 INFO The number of jobs currently in the queue is: 1
2024-10-17 15:41:07,926 INFO Job submission was successful and job_id is 44785862
2024-10-17 15:42:13,255 INFO The number of jobs currently in the queue is: 1
2024-10-17 15:42:13,503 INFO Job submission was successful and job_id is 44785870
2024-10-17 15:43:18,765 INFO The number of jobs currently in the queue is: 1
2024-10-17 15:43:18,990 INFO Job submission was successful and job_id is 44785878
2024-10-17 15:44:24,252 INFO The number of jobs currently in the queue is: 1
2024-10-17 15:44:24,466 INFO Job submission was successful and job_id is 44785888
2024-10-17 15:45:29,694 INFO The number of jobs currently in the queue is: 1
2024-10-17 15:45:29,912 INFO Job submission was successful and job_id is 44785899
2024-10-17 15:46:35,175 INFO The number of jobs currently in the queue is: 1
2024-10-17 15:46:35,390 INFO Job submission was successful and job_id is 44785920
2024-10-17 15:47:40,681 INFO The number of jobs currently in the queue is: 1
2024-10-17 15:47:40,882 INFO Job submission was successful and job_id is 44785998
2024-10-17 15:48:46,238 INFO The number of jobs currently in the queue is: 1
2024-10-17 15:48:46,443 INFO Job submission was successful and job_id is 44786019
2024-10-17 15:49:51,706 INFO The number of jobs currently in the queue is: 1
2024-10-17 15:49:51,957 INFO Job submission was successful and job_id is 44786026
2024-10-17 15:50:57,274 INFO The number of jobs currently in the queue is: 1
2024-10-17 15:50:57,471 INFO Job submission was successful and job_id is 44786035
2024-10-17 15:52:02,778 INFO The number of jobs currently in the queue is: 1
2024-10-17 15:52:03,036 INFO Job submission was successful and job_id is 44786041
2024-10-17 15:53:08,295 INFO The number of jobs currently in the queue is: 1
2024-10-17 15:53:08,536 INFO Job submission was successful and job_id is 44786050
2024-10-17 15:54:14,020 INFO The number of jobs currently in the queue is: 1
2024-10-17 15:54:14,245 INFO Job submission was successful and job_id is 44786058
2024-10-17 15:55:19,492 INFO The number of jobs currently in the queue is: 1
2024-10-17 15:55:19,674 INFO Job submission was successful and job_id is 44786066
2024-10-17 15:56:24,940 INFO The number of jobs currently in the queue is: 1
2024-10-17 15:56:25,123 INFO Job submission was successful and job_id is 44786072
2024-10-17 15:57:30,412 INFO The number of jobs currently in the queue is: 1
2024-10-17 15:57:30,593 INFO Job submission was successful and job_id is 44786078
2024-10-17 15:58:35,981 INFO The number of jobs currently in the queue is: 1
2024-10-17 15:58:36,254 INFO Job submission was successful and job_id is 44786086
2024-10-17 15:59:41,498 INFO The number of jobs currently in the queue is: 1
2024-10-17 15:59:41,679 INFO Job submission was successful and job_id is 44786095
2024-10-17 16:00:47,101 INFO The number of jobs currently in the queue is: 1
2024-10-17 16:00:47,330 INFO Job submission was successful and job_id is 44786101
2024-10-17 16:01:52,761 INFO The number of jobs currently in the queue is: 1
2024-10-17 16:01:53,066 INFO Job submission was successful and job_id is 44786109
2024-10-17 16:02:58,494 INFO The number of jobs currently in the queue is: 1
2024-10-17 16:02:58,762 INFO Job submission was successful and job_id is 44786118
2024-10-17 16:04:04,186 INFO The number of jobs currently in the queue is: 1
2024-10-17 16:04:04,545 INFO Job submission was successful and job_id is 44786125
2024-10-17 16:05:10,064 INFO The number of jobs currently in the queue is: 1
2024-10-17 16:05:10,415 INFO Job submission was successful and job_id is 44786145
2024-10-17 16:06:15,891 INFO The number of jobs currently in the queue is: 1
2024-10-17 16:06:16,178 INFO Job submission was successful and job_id is 44786152
2024-10-17 16:07:21,578 INFO The number of jobs currently in the queue is: 1
2024-10-17 16:07:21,885 INFO Job submission was successful and job_id is 44786161
2024-10-17 16:08:27,189 INFO The number of jobs currently in the queue is: 1
2024-10-17 16:08:27,687 INFO Job submission was successful and job_id is 44786167
2024-10-17 16:09:33,101 INFO The number of jobs currently in the queue is: 1
2024-10-17 16:09:33,382 INFO Job submission was successful and job_id is 44786283
2024-10-17 16:10:38,878 INFO The number of jobs currently in the queue is: 1
2024-10-17 16:10:39,169 INFO Job submission was successful and job_id is 44786290
2024-10-17 16:11:44,571 INFO The number of jobs currently in the queue is: 1
2024-10-17 16:11:44,860 INFO Job submission was successful and job_id is 44786299
2024-10-17 16:12:50,168 INFO The number of jobs currently in the queue is: 1
2024-10-17 16:12:50,427 INFO Job submission was successful and job_id is 44786309
2024-10-17 16:13:55,687 INFO The number of jobs currently in the queue is: 1
2024-10-17 16:13:55,954 INFO Job submission was successful and job_id is 44786318
2024-10-17 16:15:01,228 INFO The number of jobs currently in the queue is: 1
2024-10-17 16:15:01,489 INFO Job submission was successful and job_id is 44786324
2024-10-17 16:16:06,785 INFO The number of jobs currently in the queue is: 1
2024-10-17 16:16:07,031 INFO Job submission was successful and job_id is 44786334
2024-10-17 16:17:12,313 INFO The number of jobs currently in the queue is: 1
2024-10-17 16:17:12,664 INFO Job submission was successful and job_id is 44786342
2024-10-17 16:18:17,955 INFO The number of jobs currently in the queue is: 1
2024-10-17 16:18:18,214 INFO Job submission was successful and job_id is 44786349
2024-10-17 16:19:23,560 INFO The number of jobs currently in the queue is: 1
2024-10-17 16:19:23,772 INFO Job submission was successful and job_id is 44786364
2024-10-17 16:20:29,133 INFO The number of jobs currently in the queue is: 1
2024-10-17 16:20:29,507 INFO Job submission was successful and job_id is 44786371
2024-10-17 16:21:34,822 INFO The number of jobs currently in the queue is: 1
2024-10-17 16:21:35,073 INFO Job submission was successful and job_id is 44786382
2024-10-17 16:22:40,282 INFO The number of jobs currently in the queue is: 1
2024-10-17 16:22:40,507 INFO Job submission was successful and job_id is 44786392
2024-10-17 16:23:45,796 INFO The number of jobs currently in the queue is: 1
2024-10-17 16:23:45,979 INFO Job submission was successful and job_id is 44786401
2024-10-17 16:24:51,279 INFO The number of jobs currently in the queue is: 1
2024-10-17 16:24:51,506 INFO Job submission was successful and job_id is 44786410
2024-10-17 16:25:56,892 INFO The number of jobs currently in the queue is: 1
2024-10-17 16:25:57,079 INFO Job submission was successful and job_id is 44786417
2024-10-17 16:27:02,325 INFO The number of jobs currently in the queue is: 1
2024-10-17 16:27:02,590 INFO Job submission was successful and job_id is 44786424
2024-10-17 16:28:07,885 INFO The number of jobs currently in the queue is: 1
2024-10-17 16:28:08,151 INFO Job submission was successful and job_id is 44786430
2024-10-17 16:29:13,379 INFO The number of jobs currently in the queue is: 1
2024-10-17 16:29:13,600 INFO Job submission was successful and job_id is 44786440
2024-10-17 16:30:18,856 INFO The number of jobs currently in the queue is: 1
2024-10-17 16:30:19,061 INFO Job submission was successful and job_id is 44786450
2024-10-17 16:31:24,348 INFO The number of jobs currently in the queue is: 1
2024-10-17 16:31:24,591 INFO Job submission was successful and job_id is 44786458
2024-10-17 16:32:29,873 INFO The number of jobs currently in the queue is: 1
2024-10-17 16:32:30,795 INFO Job submission was successful and job_id is 44786471
2024-10-17 16:33:36,042 INFO The number of jobs currently in the queue is: 1
2024-10-17 16:33:36,295 INFO Job submission was successful and job_id is 44786478
2024-10-17 16:34:41,583 INFO The number of jobs currently in the queue is: 1
2024-10-17 16:34:41,755 INFO Job submission was successful and job_id is 44786489
2024-10-17 16:35:47,110 INFO The number of jobs currently in the queue is: 1
2024-10-17 16:35:47,367 INFO Job submission was successful and job_id is 44786515
2024-10-17 16:36:52,802 INFO The number of jobs currently in the queue is: 1
2024-10-17 16:36:53,012 INFO Job submission was successful and job_id is 44786521
2024-10-17 17:03:01,911 INFO Job submission was successful and job_id is 44787023
2024-10-18 13:48:47,479 INFO Job submission was successful and job_id is 44800197
2024-10-18 13:52:17,787 INFO Job submission was successful and job_id is 44800214
2024-10-18 15:09:14,535 INFO Job submission was successful and job_id is 44800839
2024-10-18 15:33:26,809 INFO The number of jobs currently in the queue is: 1
2024-10-18 15:34:31,916 INFO The number of jobs currently in the queue is: 1
2024-10-18 15:35:34,988 INFO The number of jobs currently in the queue is: 1
2024-10-18 15:35:39,926 INFO Job submission was successful and job_id is 44800949
2024-10-18 15:35:45,089 INFO Job submission was successful and job_id is 44800950
2024-10-18 15:35:50,263 INFO Job submission was successful and job_id is 44800951
2024-10-18 15:35:55,425 INFO Job submission was successful and job_id is 44800952
2024-10-18 15:37:00,626 INFO The number of jobs currently in the queue is: 1
2024-10-18 15:37:00,802 INFO Job submission was successful and job_id is 44800953
2024-10-18 15:37:05,965 INFO Job submission was successful and job_id is 44800955
2024-10-18 15:37:11,137 INFO Job submission was successful and job_id is 44800956
2024-10-18 15:37:16,300 INFO Job submission was successful and job_id is 44800957
2024-10-18 15:38:21,494 INFO The number of jobs currently in the queue is: 1
2024-10-18 15:38:21,646 INFO Job submission was successful and job_id is 44800982
2024-10-18 15:38:26,801 INFO Job submission was successful and job_id is 44800983
2024-10-18 15:38:31,963 INFO Job submission was successful and job_id is 44800984
2024-10-18 15:38:37,133 INFO Job submission was successful and job_id is 44800985
2024-10-18 15:39:42,336 INFO The number of jobs currently in the queue is: 1
2024-10-18 15:39:42,496 INFO Job submission was successful and job_id is 44800986
2024-10-18 15:39:47,670 INFO Job submission was successful and job_id is 44800987
2024-10-18 15:39:52,838 INFO Job submission was successful and job_id is 44800988
2024-10-18 15:39:57,992 INFO Job submission was successful and job_id is 44800990
2024-10-18 15:41:03,191 INFO The number of jobs currently in the queue is: 1
2024-10-18 15:41:03,353 INFO Job submission was successful and job_id is 44800991
2024-10-18 15:41:08,535 INFO Job submission was successful and job_id is 44800992
2024-10-18 15:41:13,716 INFO Job submission was successful and job_id is 44800993
2024-10-18 15:41:18,933 INFO Job submission was successful and job_id is 44800994
2024-10-18 15:42:24,151 INFO The number of jobs currently in the queue is: 1
2024-10-18 15:42:24,382 INFO Job submission was successful and job_id is 44800998
2024-10-18 15:42:29,612 INFO Job submission was successful and job_id is 44800999
2024-10-18 15:42:34,833 INFO Job submission was successful and job_id is 44801000
2024-10-18 15:42:40,026 INFO Job submission was successful and job_id is 44801001
2024-10-18 15:43:45,248 INFO The number of jobs currently in the queue is: 1
2024-10-18 15:43:45,479 INFO Job submission was successful and job_id is 44801003
2024-10-18 15:43:50,671 INFO Job submission was successful and job_id is 44801004
2024-10-18 15:43:55,932 INFO Job submission was successful and job_id is 44801005
2024-10-18 15:44:01,167 INFO Job submission was successful and job_id is 44801006
2024-10-18 15:45:06,395 INFO The number of jobs currently in the queue is: 1
2024-10-18 15:45:06,580 INFO Job submission was successful and job_id is 44801009
2024-10-18 15:45:11,867 INFO Job submission was successful and job_id is 44801012
2024-10-18 15:45:17,078 INFO Job submission was successful and job_id is 44801013
2024-10-18 15:45:22,276 INFO Job submission was successful and job_id is 44801015
2024-10-18 15:46:27,517 INFO The number of jobs currently in the queue is: 1
2024-10-18 15:46:27,729 INFO Job submission was successful and job_id is 44801017
2024-10-18 15:46:32,946 INFO Job submission was successful and job_id is 44801018
2024-10-18 15:46:38,143 INFO Job submission was successful and job_id is 44801019
2024-10-18 15:46:43,336 INFO Job submission was successful and job_id is 44801020
2024-10-18 15:47:48,527 INFO The number of jobs currently in the queue is: 1
2024-10-18 15:47:48,716 INFO Job submission was successful and job_id is 44801021
2024-10-18 15:47:53,911 INFO Job submission was successful and job_id is 44801022
2024-10-18 15:47:59,125 INFO Job submission was successful and job_id is 44801023
2024-10-18 15:48:04,350 INFO Job submission was successful and job_id is 44801024
2024-10-18 15:49:09,575 INFO The number of jobs currently in the queue is: 1
2024-10-18 15:49:09,776 INFO Job submission was successful and job_id is 44801029
2024-10-18 15:49:14,979 INFO Job submission was successful and job_id is 44801030
2024-10-18 15:49:20,176 INFO Job submission was successful and job_id is 44801031
2024-10-18 15:49:25,406 INFO Job submission was successful and job_id is 44801033
2024-10-18 15:50:30,597 INFO The number of jobs currently in the queue is: 1
2024-10-18 15:50:30,799 INFO Job submission was successful and job_id is 44801036
2024-10-18 15:50:35,985 INFO Job submission was successful and job_id is 44801037
2024-10-18 15:50:41,179 INFO Job submission was successful and job_id is 44801038
2024-10-18 15:50:46,407 INFO Job submission was successful and job_id is 44801039
2024-10-18 15:51:51,661 INFO The number of jobs currently in the queue is: 1
2024-10-18 15:51:51,853 INFO Job submission was successful and job_id is 44801043
2024-10-18 15:51:57,111 INFO Job submission was successful and job_id is 44801044
2024-10-18 15:52:02,327 INFO Job submission was successful and job_id is 44801045
2024-10-18 15:52:07,578 INFO Job submission was successful and job_id is 44801046
2024-10-18 15:53:12,778 INFO The number of jobs currently in the queue is: 1
2024-10-18 15:53:13,010 INFO Job submission was successful and job_id is 44801051
2024-10-18 15:53:18,261 INFO Job submission was successful and job_id is 44801052
2024-10-18 15:53:23,491 INFO Job submission was successful and job_id is 44801053
2024-10-18 15:53:28,681 INFO Job submission was successful and job_id is 44801054
2024-10-18 15:54:33,899 INFO The number of jobs currently in the queue is: 1
2024-10-18 15:54:34,081 INFO Job submission was successful and job_id is 44801055
2024-10-18 15:54:39,294 INFO Job submission was successful and job_id is 44801056
2024-10-18 15:54:44,475 INFO Job submission was successful and job_id is 44801057
2024-10-18 15:54:49,684 INFO Job submission was successful and job_id is 44801058
2024-10-18 15:55:54,912 INFO The number of jobs currently in the queue is: 1
2024-10-18 15:55:55,118 INFO Job submission was successful and job_id is 44801065
2024-10-18 15:56:00,299 INFO Job submission was successful and job_id is 44801066
2024-10-18 15:56:05,504 INFO Job submission was successful and job_id is 44801067
2024-10-18 15:56:10,726 INFO Job submission was successful and job_id is 44801068
2024-10-18 15:57:15,926 INFO The number of jobs currently in the queue is: 1
2024-10-18 15:57:16,088 INFO Job submission was successful and job_id is 44801073
2024-10-18 15:57:21,259 INFO Job submission was successful and job_id is 44801075
2024-10-18 15:57:26,423 INFO Job submission was successful and job_id is 44801076
2024-10-18 15:57:31,593 INFO Job submission was successful and job_id is 44801077
2024-10-18 15:58:36,733 INFO The number of jobs currently in the queue is: 1
2024-10-18 15:58:36,891 INFO Job submission was successful and job_id is 44801080
2024-10-18 15:58:42,063 INFO Job submission was successful and job_id is 44801081
2024-10-18 15:58:47,232 INFO Job submission was successful and job_id is 44801083
2024-10-18 15:58:52,410 INFO Job submission was successful and job_id is 44801084
2024-10-18 15:59:57,566 INFO The number of jobs currently in the queue is: 1
2024-10-18 15:59:57,709 INFO Job submission was successful and job_id is 44801135
2024-10-18 16:00:02,879 INFO Job submission was successful and job_id is 44801141
2024-10-18 16:00:08,082 INFO Job submission was successful and job_id is 44801146
2024-10-18 16:00:13,323 INFO Job submission was successful and job_id is 44801152
2024-10-18 16:01:18,567 INFO The number of jobs currently in the queue is: 1
2024-10-18 16:01:18,716 INFO Job submission was successful and job_id is 44801291
2024-10-18 16:01:23,884 INFO Job submission was successful and job_id is 44801297
2024-10-18 16:01:29,054 INFO Job submission was successful and job_id is 44801302
2024-10-18 16:01:34,234 INFO Job submission was successful and job_id is 44801308
2024-10-18 16:02:39,401 INFO The number of jobs currently in the queue is: 1
2024-10-18 16:02:39,551 INFO Job submission was successful and job_id is 44801368
2024-10-18 16:02:44,711 INFO Job submission was successful and job_id is 44801374
2024-10-18 16:02:49,901 INFO Job submission was successful and job_id is 44801380
2024-10-18 16:02:55,089 INFO Job submission was successful and job_id is 44801385
2024-10-18 16:04:00,362 INFO The number of jobs currently in the queue is: 1
2024-10-18 16:04:00,652 INFO Job submission was successful and job_id is 44801409
2024-10-18 16:04:05,828 INFO Job submission was successful and job_id is 44801410
2024-10-18 16:04:11,030 INFO Job submission was successful and job_id is 44801411
2024-10-18 16:04:16,216 INFO Job submission was successful and job_id is 44801413
2024-10-18 16:05:21,386 INFO The number of jobs currently in the queue is: 1
2024-10-18 16:05:21,561 INFO Job submission was successful and job_id is 44801418
2024-10-18 16:05:26,766 INFO Job submission was successful and job_id is 44801419
2024-10-18 16:05:31,944 INFO Job submission was successful and job_id is 44801420
2024-10-18 16:05:37,119 INFO Job submission was successful and job_id is 44801421
2024-10-18 16:06:42,320 INFO The number of jobs currently in the queue is: 1
2024-10-18 16:06:42,493 INFO Job submission was successful and job_id is 44801425
2024-10-18 16:06:47,675 INFO Job submission was successful and job_id is 44801426
2024-10-18 16:06:52,842 INFO Job submission was successful and job_id is 44801427
2024-10-18 16:06:58,113 INFO Job submission was successful and job_id is 44801428
2024-10-18 16:08:03,324 INFO The number of jobs currently in the queue is: 1
2024-10-18 16:08:03,497 INFO Job submission was successful and job_id is 44801430
2024-10-18 16:08:08,694 INFO Job submission was successful and job_id is 44801431
2024-10-18 16:08:13,868 INFO Job submission was successful and job_id is 44801432
2024-10-18 16:08:19,068 INFO Job submission was successful and job_id is 44801433
2024-10-18 16:09:24,267 INFO The number of jobs currently in the queue is: 1
2024-10-18 16:09:24,462 INFO Job submission was successful and job_id is 44801438
2024-10-18 16:09:29,668 INFO Job submission was successful and job_id is 44801439
2024-10-18 16:09:34,839 INFO Job submission was successful and job_id is 44801440
2024-10-18 16:09:40,047 INFO Job submission was successful and job_id is 44801441
2024-10-18 16:10:45,248 INFO The number of jobs currently in the queue is: 1
2024-10-18 16:10:45,424 INFO Job submission was successful and job_id is 44801445
2024-10-18 16:10:50,629 INFO Job submission was successful and job_id is 44801446
2024-10-18 16:10:55,796 INFO Job submission was successful and job_id is 44801447
2024-10-18 16:11:00,960 INFO Job submission was successful and job_id is 44801448
2024-10-18 16:12:06,159 INFO The number of jobs currently in the queue is: 1
2024-10-18 16:12:06,331 INFO Job submission was successful and job_id is 44801452
2024-10-18 16:12:11,540 INFO Job submission was successful and job_id is 44801453
2024-10-18 16:12:16,815 INFO Job submission was successful and job_id is 44801454
2024-10-18 16:12:22,012 INFO Job submission was successful and job_id is 44801460
2024-10-18 16:13:27,249 INFO The number of jobs currently in the queue is: 1
2024-10-18 16:13:27,477 INFO Job submission was successful and job_id is 44801468
2024-10-18 16:13:32,701 INFO Job submission was successful and job_id is 44801469
2024-10-18 16:13:38,003 INFO Job submission was successful and job_id is 44801470
2024-10-18 16:13:43,286 INFO Job submission was successful and job_id is 44801471
2024-10-18 16:14:48,458 INFO The number of jobs currently in the queue is: 1
2024-10-18 16:14:48,666 INFO Job submission was successful and job_id is 44801523
2024-10-18 16:14:53,848 INFO Job submission was successful and job_id is 44801525
2024-10-18 16:14:59,080 INFO Job submission was successful and job_id is 44801526
2024-10-18 16:15:04,300 INFO Job submission was successful and job_id is 44801527
2024-10-18 16:16:09,487 INFO The number of jobs currently in the queue is: 1
2024-10-18 16:16:09,669 INFO Job submission was successful and job_id is 44801538
2024-10-18 16:16:14,840 INFO Job submission was successful and job_id is 44801540
2024-10-18 16:16:20,085 INFO Job submission was successful and job_id is 44801546
2024-10-18 16:16:25,263 INFO Job submission was successful and job_id is 44801547
2024-10-18 16:17:30,451 INFO The number of jobs currently in the queue is: 1
2024-10-18 16:17:30,639 INFO Job submission was successful and job_id is 44801555
2024-10-18 16:17:35,812 INFO Job submission was successful and job_id is 44801556
2024-10-18 16:17:41,069 INFO Job submission was successful and job_id is 44801557
2024-10-18 16:17:46,299 INFO Job submission was successful and job_id is 44801558
2024-10-18 16:18:51,470 INFO The number of jobs currently in the queue is: 1
2024-10-18 16:18:51,643 INFO Job submission was successful and job_id is 44801568
2024-10-18 16:18:56,823 INFO Job submission was successful and job_id is 44801569
2024-10-18 16:19:02,066 INFO Job submission was successful and job_id is 44801570
2024-10-18 16:19:07,257 INFO Job submission was successful and job_id is 44801571
2024-10-18 16:20:12,474 INFO The number of jobs currently in the queue is: 1
2024-10-18 16:20:12,656 INFO Job submission was successful and job_id is 44801580
2024-10-18 16:20:17,834 INFO Job submission was successful and job_id is 44801581
2024-10-18 16:20:23,039 INFO Job submission was successful and job_id is 44801582
2024-10-18 16:20:28,274 INFO Job submission was successful and job_id is 44801583
2024-10-18 16:21:33,485 INFO The number of jobs currently in the queue is: 1
2024-10-18 16:21:33,700 INFO Job submission was successful and job_id is 44801588
2024-10-18 16:21:38,872 INFO Job submission was successful and job_id is 44801589
2024-10-18 16:21:44,041 INFO Job submission was successful and job_id is 44801591
2024-10-18 16:21:49,246 INFO Job submission was successful and job_id is 44801592
2024-10-18 16:22:54,465 INFO The number of jobs currently in the queue is: 1
2024-10-18 16:22:54,681 INFO Job submission was successful and job_id is 44801597
2024-10-18 16:22:59,862 INFO Job submission was successful and job_id is 44801598
2024-10-18 16:23:05,053 INFO Job submission was successful and job_id is 44801599
2024-10-18 16:23:10,265 INFO Job submission was successful and job_id is 44801601
2024-10-18 16:24:15,458 INFO The number of jobs currently in the queue is: 1
2024-10-18 16:24:15,623 INFO Job submission was successful and job_id is 44801610
2024-10-18 16:24:20,806 INFO Job submission was successful and job_id is 44801611
2024-10-18 16:24:26,034 INFO Job submission was successful and job_id is 44801620
2024-10-18 16:24:31,229 INFO Job submission was successful and job_id is 44801621
2024-10-18 16:25:36,436 INFO The number of jobs currently in the queue is: 1
2024-10-18 16:25:36,626 INFO Job submission was successful and job_id is 44801630
2024-10-18 16:25:41,820 INFO Job submission was successful and job_id is 44801631
2024-10-18 16:25:47,020 INFO Job submission was successful and job_id is 44801632
2024-10-18 16:25:52,231 INFO Job submission was successful and job_id is 44801633
2024-10-18 16:26:57,397 INFO The number of jobs currently in the queue is: 1
2024-10-18 16:26:57,599 INFO Job submission was successful and job_id is 44801636
2024-10-18 16:27:02,831 INFO Job submission was successful and job_id is 44801637
2024-10-18 16:27:08,015 INFO Job submission was successful and job_id is 44801638
2024-10-18 16:27:13,315 INFO Job submission was successful and job_id is 44801640
2024-10-18 16:28:18,512 INFO The number of jobs currently in the queue is: 1
2024-10-18 16:28:18,668 INFO Job submission was successful and job_id is 44801642
2024-10-18 16:28:24,090 INFO Job submission was successful and job_id is 44801643
2024-10-18 16:28:29,261 INFO Job submission was successful and job_id is 44801644
2024-10-18 16:28:34,472 INFO Job submission was successful and job_id is 44801645
2024-10-18 16:29:39,671 INFO The number of jobs currently in the queue is: 1
2024-10-18 16:29:39,853 INFO Job submission was successful and job_id is 44801649
2024-10-18 16:29:45,071 INFO Job submission was successful and job_id is 44801650
2024-10-18 16:29:50,269 INFO Job submission was successful and job_id is 44801652
2024-10-18 16:29:55,450 INFO Job submission was successful and job_id is 44801653
2024-10-18 16:31:00,651 INFO The number of jobs currently in the queue is: 1
2024-10-18 16:31:00,867 INFO Job submission was successful and job_id is 44801657
2024-10-18 16:31:06,053 INFO Job submission was successful and job_id is 44801658
2024-10-18 16:31:11,219 INFO Job submission was successful and job_id is 44801660
2024-10-18 16:31:16,420 INFO Job submission was successful and job_id is 44801661
2024-10-18 16:32:21,594 INFO The number of jobs currently in the queue is: 1
2024-10-18 16:32:21,758 INFO Job submission was successful and job_id is 44801665
2024-10-18 16:32:26,955 INFO Job submission was successful and job_id is 44801667
2024-10-18 16:32:32,167 INFO Job submission was successful and job_id is 44801670
2024-10-18 16:32:37,339 INFO Job submission was successful and job_id is 44801672
2024-10-18 16:33:42,564 INFO The number of jobs currently in the queue is: 1
2024-10-18 16:33:42,754 INFO Job submission was successful and job_id is 44801680
2024-10-18 16:33:47,925 INFO Job submission was successful and job_id is 44801681
2024-10-18 16:33:53,130 INFO Job submission was successful and job_id is 44801683
2024-10-18 16:33:58,327 INFO Job submission was successful and job_id is 44801685
2024-10-18 16:35:03,540 INFO The number of jobs currently in the queue is: 1
2024-10-18 16:35:03,720 INFO Job submission was successful and job_id is 44801688
2024-10-18 16:35:08,908 INFO Job submission was successful and job_id is 44801689
2024-10-18 16:35:14,091 INFO Job submission was successful and job_id is 44801691
2024-10-18 16:35:19,347 INFO Job submission was successful and job_id is 44801692
2024-10-18 16:36:24,536 INFO The number of jobs currently in the queue is: 1
2024-10-18 16:36:24,725 INFO Job submission was successful and job_id is 44801696
2024-10-18 16:36:29,907 INFO Job submission was successful and job_id is 44801699
2024-10-18 16:36:35,136 INFO Job submission was successful and job_id is 44801700
2024-10-18 16:36:40,372 INFO Job submission was successful and job_id is 44801702
2024-10-18 16:37:45,567 INFO The number of jobs currently in the queue is: 1
2024-10-18 16:37:45,761 INFO Job submission was successful and job_id is 44801708
2024-10-18 16:37:50,930 INFO Job submission was successful and job_id is 44801709
2024-10-18 16:37:56,178 INFO Job submission was successful and job_id is 44801711
2024-10-18 16:38:01,364 INFO Job submission was successful and job_id is 44801712
2024-10-18 16:39:06,554 INFO The number of jobs currently in the queue is: 1
2024-10-18 16:39:06,717 INFO Job submission was successful and job_id is 44801717
2024-10-18 16:39:11,883 INFO Job submission was successful and job_id is 44801719
2024-10-18 16:39:17,069 INFO Job submission was successful and job_id is 44801720
2024-10-18 16:39:22,239 INFO Job submission was successful and job_id is 44801721
2024-10-18 16:40:27,408 INFO The number of jobs currently in the queue is: 1
2024-10-18 16:40:27,607 INFO Job submission was successful and job_id is 44801728
2024-10-18 16:40:32,785 INFO Job submission was successful and job_id is 44801731
2024-10-18 16:40:37,955 INFO Job submission was successful and job_id is 44801733
2024-10-18 16:40:43,164 INFO Job submission was successful and job_id is 44801734
2024-10-18 16:41:48,367 INFO The number of jobs currently in the queue is: 1
2024-10-18 16:41:48,564 INFO Job submission was successful and job_id is 44801741
2024-10-18 16:41:53,840 INFO Job submission was successful and job_id is 44801742
2024-10-18 16:41:59,027 INFO Job submission was successful and job_id is 44801743
2024-10-18 16:42:04,204 INFO Job submission was successful and job_id is 44801745
2024-10-18 16:43:09,398 INFO The number of jobs currently in the queue is: 1
2024-10-18 16:43:09,565 INFO Job submission was successful and job_id is 44801752
2024-10-18 16:43:14,752 INFO Job submission was successful and job_id is 44801753
2024-10-18 16:43:19,924 INFO Job submission was successful and job_id is 44801754
2024-10-18 16:43:25,115 INFO Job submission was successful and job_id is 44801756
2024-10-18 16:44:30,311 INFO The number of jobs currently in the queue is: 1
2024-10-18 16:44:30,489 INFO Job submission was successful and job_id is 44801765
2024-10-18 16:44:35,661 INFO Job submission was successful and job_id is 44801769
2024-10-18 16:44:40,859 INFO Job submission was successful and job_id is 44801770
2024-10-18 16:44:46,092 INFO Job submission was successful and job_id is 44801771
2024-10-18 16:45:51,321 INFO The number of jobs currently in the queue is: 1
2024-10-18 16:45:51,487 INFO Job submission was successful and job_id is 44801778
2024-10-18 16:45:56,714 INFO Job submission was successful and job_id is 44801779
2024-10-18 16:46:01,916 INFO Job submission was successful and job_id is 44801780
2024-10-18 16:46:07,122 INFO Job submission was successful and job_id is 44801781
2024-10-18 16:47:12,325 INFO The number of jobs currently in the queue is: 1
2024-10-18 16:47:12,531 INFO Job submission was successful and job_id is 44801789
2024-10-18 16:47:17,767 INFO Job submission was successful and job_id is 44801790
2024-10-18 16:47:22,995 INFO Job submission was successful and job_id is 44801792
2024-10-18 16:47:28,249 INFO Job submission was successful and job_id is 44801793
2024-10-18 16:48:33,649 INFO The number of jobs currently in the queue is: 1
2024-10-18 16:48:33,827 INFO Job submission was successful and job_id is 44801800
2024-10-18 16:48:39,013 INFO Job submission was successful and job_id is 44801801
2024-10-18 16:48:44,300 INFO Job submission was successful and job_id is 44801802
2024-10-18 16:48:49,474 INFO Job submission was successful and job_id is 44801804
2024-10-18 16:49:54,615 INFO The number of jobs currently in the queue is: 1
2024-10-18 16:49:54,769 INFO Job submission was successful and job_id is 44801813
2024-10-18 16:49:59,955 INFO Job submission was successful and job_id is 44801815
2024-10-18 16:50:05,136 INFO Job submission was successful and job_id is 44801816
2024-10-18 16:50:10,303 INFO Job submission was successful and job_id is 44801817
2024-10-18 16:51:15,506 INFO The number of jobs currently in the queue is: 1
2024-10-18 16:51:15,668 INFO Job submission was successful and job_id is 44801824
2024-10-18 16:51:20,882 INFO Job submission was successful and job_id is 44801825
2024-10-18 16:51:26,059 INFO Job submission was successful and job_id is 44801826
2024-10-18 16:51:31,231 INFO Job submission was successful and job_id is 44801828
2024-10-18 16:52:36,426 INFO The number of jobs currently in the queue is: 1
2024-10-18 16:52:36,606 INFO Job submission was successful and job_id is 44801831
2024-10-18 16:52:41,774 INFO Job submission was successful and job_id is 44801833
2024-10-18 16:52:46,947 INFO Job submission was successful and job_id is 44801834
2024-10-18 16:52:52,172 INFO Job submission was successful and job_id is 44801836
2024-10-18 16:53:57,376 INFO The number of jobs currently in the queue is: 1
2024-10-18 16:53:57,585 INFO Job submission was successful and job_id is 44801841
2024-10-18 16:54:02,826 INFO Job submission was successful and job_id is 44801842
2024-10-18 16:54:08,035 INFO Job submission was successful and job_id is 44801843
2024-10-18 16:54:13,264 INFO Job submission was successful and job_id is 44801844
2024-10-18 16:55:18,477 INFO The number of jobs currently in the queue is: 1
2024-10-18 16:55:18,743 INFO Job submission was successful and job_id is 44801851
2024-10-18 16:55:23,985 INFO Job submission was successful and job_id is 44801852
2024-10-18 16:55:29,194 INFO Job submission was successful and job_id is 44801854
2024-10-18 16:55:34,405 INFO Job submission was successful and job_id is 44801856
2024-10-18 16:56:39,624 INFO The number of jobs currently in the queue is: 1
2024-10-18 16:56:39,839 INFO Job submission was successful and job_id is 44801862
2024-10-18 16:56:45,088 INFO Job submission was successful and job_id is 44801864
2024-10-18 16:56:50,305 INFO Job submission was successful and job_id is 44801865
2024-10-18 16:56:55,534 INFO Job submission was successful and job_id is 44801866
2024-10-18 16:58:00,775 INFO The number of jobs currently in the queue is: 1
2024-10-18 16:58:01,042 INFO Job submission was successful and job_id is 44801872
2024-10-18 16:58:06,311 INFO Job submission was successful and job_id is 44801873
2024-10-18 16:58:11,573 INFO Job submission was successful and job_id is 44801874
2024-10-18 16:58:16,818 INFO Job submission was successful and job_id is 44801875
2024-10-18 16:59:22,115 INFO The number of jobs currently in the queue is: 1
2024-10-18 16:59:22,318 INFO Job submission was successful and job_id is 44801882
2024-10-18 16:59:27,574 INFO Job submission was successful and job_id is 44801883
2024-10-18 16:59:32,806 INFO Job submission was successful and job_id is 44801884
2024-10-18 16:59:38,011 INFO Job submission was successful and job_id is 44801887
2024-10-18 17:00:43,264 INFO The number of jobs currently in the queue is: 1
2024-10-18 17:00:43,508 INFO Job submission was successful and job_id is 44801891
2024-10-18 17:00:48,722 INFO Job submission was successful and job_id is 44801892
2024-10-18 17:00:53,941 INFO Job submission was successful and job_id is 44801893
2024-10-18 17:00:59,175 INFO Job submission was successful and job_id is 44801894
2024-10-18 17:02:04,419 INFO The number of jobs currently in the queue is: 1
2024-10-18 17:02:04,656 INFO Job submission was successful and job_id is 44801895
2024-10-18 17:02:09,861 INFO Job submission was successful and job_id is 44801896
2024-10-18 17:02:15,081 INFO Job submission was successful and job_id is 44801897
2024-10-18 17:02:20,275 INFO Job submission was successful and job_id is 44801898
2024-10-18 17:03:25,480 INFO The number of jobs currently in the queue is: 1
2024-10-18 17:03:25,709 INFO Job submission was successful and job_id is 44801902
2024-10-18 17:03:30,909 INFO Job submission was successful and job_id is 44801903
2024-10-18 17:03:36,108 INFO Job submission was successful and job_id is 44801904
2024-10-18 17:03:41,313 INFO Job submission was successful and job_id is 44801905
2024-10-18 17:04:46,499 INFO The number of jobs currently in the queue is: 1
2024-10-18 17:04:46,711 INFO Job submission was successful and job_id is 44801908
2024-10-18 17:04:51,916 INFO Job submission was successful and job_id is 44801909
2024-10-18 17:04:57,128 INFO Job submission was successful and job_id is 44801910
2024-10-18 17:05:02,361 INFO Job submission was successful and job_id is 44801911
2024-10-18 17:06:07,544 INFO The number of jobs currently in the queue is: 1
2024-10-18 17:06:07,715 INFO Job submission was successful and job_id is 44801914
2024-10-18 17:06:12,892 INFO Job submission was successful and job_id is 44801915
2024-10-18 17:06:18,062 INFO Job submission was successful and job_id is 44801916
2024-10-18 17:06:23,231 INFO Job submission was successful and job_id is 44801917
2024-10-18 17:07:28,401 INFO The number of jobs currently in the queue is: 1
2024-10-18 17:07:28,575 INFO Job submission was successful and job_id is 44801920
2024-10-18 17:07:33,760 INFO Job submission was successful and job_id is 44801921
2024-10-18 17:07:38,963 INFO Job submission was successful and job_id is 44801922
2024-10-18 17:07:44,179 INFO Job submission was successful and job_id is 44801923
2024-10-18 17:08:49,341 INFO The number of jobs currently in the queue is: 1
2024-10-18 17:08:49,515 INFO Job submission was successful and job_id is 44801924
2024-10-18 17:08:54,740 INFO Job submission was successful and job_id is 44801925
2024-10-18 17:08:59,962 INFO Job submission was successful and job_id is 44801926
2024-10-18 17:09:05,170 INFO Job submission was successful and job_id is 44801928
2024-10-18 17:10:10,402 INFO The number of jobs currently in the queue is: 1
2024-10-18 17:10:10,594 INFO Job submission was successful and job_id is 44801933
2024-10-18 17:10:15,787 INFO Job submission was successful and job_id is 44801934
2024-10-18 17:10:20,961 INFO Job submission was successful and job_id is 44801935
2024-10-18 17:10:26,140 INFO Job submission was successful and job_id is 44801936
2024-10-18 17:11:31,302 INFO The number of jobs currently in the queue is: 1
2024-10-18 17:11:31,495 INFO Job submission was successful and job_id is 44801937
2024-10-18 17:11:36,773 INFO Job submission was successful and job_id is 44801938
2024-10-18 17:11:42,332 INFO Job submission was successful and job_id is 44801939
2024-10-18 17:11:47,542 INFO Job submission was successful and job_id is 44801940
2024-10-18 17:12:52,740 INFO The number of jobs currently in the queue is: 1
2024-10-18 17:12:52,941 INFO Job submission was successful and job_id is 44801942
2024-10-18 17:12:58,118 INFO Job submission was successful and job_id is 44801943
2024-10-18 17:13:03,290 INFO Job submission was successful and job_id is 44801944
2024-10-18 17:13:08,493 INFO Job submission was successful and job_id is 44801945
2024-10-18 17:14:13,648 INFO The number of jobs currently in the queue is: 1
2024-10-18 17:14:13,827 INFO Job submission was successful and job_id is 44801949
2024-10-18 17:14:19,006 INFO Job submission was successful and job_id is 44801950
2024-10-18 17:14:24,198 INFO Job submission was successful and job_id is 44801951
2024-10-18 17:14:29,396 INFO Job submission was successful and job_id is 44801952
2024-10-18 17:15:34,595 INFO The number of jobs currently in the queue is: 1
2024-10-18 17:15:34,772 INFO Job submission was successful and job_id is 44801958
2024-10-18 17:15:39,989 INFO Job submission was successful and job_id is 44801959
2024-10-18 17:15:45,184 INFO Job submission was successful and job_id is 44801960
2024-10-18 17:15:50,356 INFO Job submission was successful and job_id is 44801961
2024-10-18 17:16:55,522 INFO The number of jobs currently in the queue is: 1
2024-10-18 17:16:55,712 INFO Job submission was successful and job_id is 44801964
2024-10-18 17:17:00,882 INFO Job submission was successful and job_id is 44801965
2024-10-18 17:17:06,048 INFO Job submission was successful and job_id is 44801967
2024-10-18 17:17:11,227 INFO Job submission was successful and job_id is 44801968
2024-10-18 17:18:16,409 INFO The number of jobs currently in the queue is: 1
2024-10-18 17:18:16,596 INFO Job submission was successful and job_id is 44801971
2024-10-18 17:18:21,758 INFO Job submission was successful and job_id is 44801972
2024-10-18 17:18:26,925 INFO Job submission was successful and job_id is 44801973
2024-10-18 17:18:32,101 INFO Job submission was successful and job_id is 44801974
2024-10-18 17:19:37,281 INFO The number of jobs currently in the queue is: 1
2024-10-18 17:19:37,471 INFO Job submission was successful and job_id is 44801978
2024-10-18 17:19:42,668 INFO Job submission was successful and job_id is 44801980
2024-10-18 17:19:47,846 INFO Job submission was successful and job_id is 44801982
2024-10-18 17:19:53,055 INFO Job submission was successful and job_id is 44801984
2024-10-18 17:20:58,231 INFO The number of jobs currently in the queue is: 1
2024-10-18 17:20:58,412 INFO Job submission was successful and job_id is 44801987
2024-10-18 17:21:03,586 INFO Job submission was successful and job_id is 44801988
2024-10-18 17:21:08,815 INFO Job submission was successful and job_id is 44801989
2024-10-18 17:21:13,984 INFO Job submission was successful and job_id is 44801990
2024-10-18 17:22:19,177 INFO The number of jobs currently in the queue is: 1
2024-10-18 17:22:19,344 INFO Job submission was successful and job_id is 44801993
2024-10-18 17:22:24,545 INFO Job submission was successful and job_id is 44801994
2024-10-18 17:22:29,713 INFO Job submission was successful and job_id is 44801995
2024-10-18 17:22:34,887 INFO Job submission was successful and job_id is 44801996
2024-10-18 17:23:40,087 INFO The number of jobs currently in the queue is: 1
2024-10-18 17:23:40,270 INFO Job submission was successful and job_id is 44801999
2024-10-18 17:23:45,445 INFO Job submission was successful and job_id is 44802000
2024-10-18 17:23:50,614 INFO Job submission was successful and job_id is 44802001
2024-10-18 17:23:55,779 INFO Job submission was successful and job_id is 44802003
2024-10-18 17:25:00,998 INFO The number of jobs currently in the queue is: 1
2024-10-18 17:25:01,166 INFO Job submission was successful and job_id is 44802005
2024-10-18 17:25:06,348 INFO Job submission was successful and job_id is 44802006
2024-10-18 17:25:11,524 INFO Job submission was successful and job_id is 44802007
2024-10-18 17:25:16,696 INFO Job submission was successful and job_id is 44802008
2024-10-18 17:26:21,902 INFO The number of jobs currently in the queue is: 1
2024-10-18 17:26:22,099 INFO Job submission was successful and job_id is 44802010
2024-10-18 17:26:27,291 INFO Job submission was successful and job_id is 44802011
2024-10-18 17:26:32,470 INFO Job submission was successful and job_id is 44802012
2024-10-18 17:26:37,640 INFO Job submission was successful and job_id is 44802014
2024-10-18 17:27:42,840 INFO The number of jobs currently in the queue is: 1
2024-10-18 17:27:43,004 INFO Job submission was successful and job_id is 44802017
2024-10-18 17:27:48,180 INFO Job submission was successful and job_id is 44802018
2024-10-18 17:27:53,358 INFO Job submission was successful and job_id is 44802019
2024-10-18 17:27:58,539 INFO Job submission was successful and job_id is 44802020
2024-10-18 17:29:03,703 INFO The number of jobs currently in the queue is: 1
2024-10-18 17:29:03,872 INFO Job submission was successful and job_id is 44802023
2024-10-18 17:29:09,050 INFO Job submission was successful and job_id is 44802024
2024-10-18 17:29:14,239 INFO Job submission was successful and job_id is 44802025
2024-10-18 17:29:19,490 INFO Job submission was successful and job_id is 44802026
2024-10-18 17:30:24,734 INFO The number of jobs currently in the queue is: 1
2024-10-18 17:30:24,914 INFO Job submission was successful and job_id is 44802028
2024-10-18 17:30:30,089 INFO Job submission was successful and job_id is 44802029
2024-10-18 17:30:35,324 INFO Job submission was successful and job_id is 44802030
2024-10-18 17:30:40,508 INFO Job submission was successful and job_id is 44802031
2024-10-18 17:31:45,695 INFO The number of jobs currently in the queue is: 1
2024-10-18 17:31:45,934 INFO Job submission was successful and job_id is 44802068
2024-10-18 17:31:51,200 INFO Job submission was successful and job_id is 44802070
2024-10-18 17:31:56,373 INFO Job submission was successful and job_id is 44802071
2024-10-18 17:32:01,549 INFO Job submission was successful and job_id is 44802072
2024-10-18 17:33:06,771 INFO The number of jobs currently in the queue is: 1
2024-10-18 17:33:06,968 INFO Job submission was successful and job_id is 44802077
2024-10-18 17:33:12,184 INFO Job submission was successful and job_id is 44802078
2024-10-18 17:33:17,371 INFO Job submission was successful and job_id is 44802079
2024-10-18 17:33:22,547 INFO Job submission was successful and job_id is 44802080
2024-10-18 17:34:27,744 INFO The number of jobs currently in the queue is: 1
2024-10-18 17:34:27,932 INFO Job submission was successful and job_id is 44802081
2024-10-18 17:34:33,123 INFO Job submission was successful and job_id is 44802082
2024-10-18 17:34:38,297 INFO Job submission was successful and job_id is 44802083
2024-10-18 17:34:43,463 INFO Job submission was successful and job_id is 44802084
2024-10-18 17:35:48,682 INFO The number of jobs currently in the queue is: 1
2024-10-18 17:35:48,985 INFO Job submission was successful and job_id is 44802087
2024-10-18 17:35:54,182 INFO Job submission was successful and job_id is 44802089
2024-10-18 17:35:59,354 INFO Job submission was successful and job_id is 44802092
2024-10-18 17:36:04,537 INFO Job submission was successful and job_id is 44802094
2024-10-18 17:37:09,755 INFO The number of jobs currently in the queue is: 1
2024-10-18 17:37:09,937 INFO Job submission was successful and job_id is 44802098
2024-10-18 17:37:15,108 INFO Job submission was successful and job_id is 44802099
2024-10-18 17:37:20,329 INFO Job submission was successful and job_id is 44802101
2024-10-18 17:37:25,506 INFO Job submission was successful and job_id is 44802102
2024-10-18 17:38:30,709 INFO The number of jobs currently in the queue is: 1
2024-10-18 17:38:30,910 INFO Job submission was successful and job_id is 44802106
2024-10-18 17:38:36,087 INFO Job submission was successful and job_id is 44802107
2024-10-18 17:38:41,252 INFO Job submission was successful and job_id is 44802108
2024-10-18 17:38:46,426 INFO Job submission was successful and job_id is 44802109
2024-10-18 17:39:51,608 INFO The number of jobs currently in the queue is: 1
2024-10-18 17:39:51,789 INFO Job submission was successful and job_id is 44802116
2024-10-18 17:39:56,964 INFO Job submission was successful and job_id is 44802117
2024-10-18 17:40:02,135 INFO Job submission was successful and job_id is 44802118
2024-10-18 17:40:07,315 INFO Job submission was successful and job_id is 44802121
2024-10-18 17:41:12,528 INFO The number of jobs currently in the queue is: 1
2024-10-18 17:41:12,778 INFO Job submission was successful and job_id is 44802126
2024-10-18 17:41:18,002 INFO Job submission was successful and job_id is 44802127
2024-10-18 17:41:23,186 INFO Job submission was successful and job_id is 44802129
2024-10-18 17:41:28,367 INFO Job submission was successful and job_id is 44802130
2024-10-18 17:42:33,532 INFO The number of jobs currently in the queue is: 1
2024-10-18 17:42:33,731 INFO Job submission was successful and job_id is 44802140
2024-10-18 17:42:38,936 INFO Job submission was successful and job_id is 44802141
2024-10-18 17:42:44,148 INFO Job submission was successful and job_id is 44802142
2024-10-18 17:42:49,327 INFO Job submission was successful and job_id is 44802144
2024-10-18 17:43:54,524 INFO The number of jobs currently in the queue is: 1
2024-10-18 17:43:54,678 INFO Job submission was successful and job_id is 44802154
2024-10-18 17:43:59,908 INFO Job submission was successful and job_id is 44802155
2024-10-18 17:44:05,097 INFO Job submission was successful and job_id is 44802156
2024-10-18 17:44:10,299 INFO Job submission was successful and job_id is 44802157
2024-10-18 17:45:15,485 INFO The number of jobs currently in the queue is: 1
2024-10-18 17:45:15,687 INFO Job submission was successful and job_id is 44802160
2024-10-18 17:45:20,916 INFO Job submission was successful and job_id is 44802161
2024-10-18 17:45:26,142 INFO Job submission was successful and job_id is 44802163
2024-10-18 17:45:31,400 INFO Job submission was successful and job_id is 44802164
2024-10-18 17:46:36,648 INFO The number of jobs currently in the queue is: 1
2024-10-18 17:46:36,867 INFO Job submission was successful and job_id is 44802171
2024-10-18 17:46:42,089 INFO Job submission was successful and job_id is 44802172
2024-10-18 17:46:47,329 INFO Job submission was successful and job_id is 44802173
2024-10-18 17:46:52,591 INFO Job submission was successful and job_id is 44802174
2024-10-18 17:47:57,823 INFO The number of jobs currently in the queue is: 1
2024-10-18 17:47:58,050 INFO Job submission was successful and job_id is 44802177
2024-10-18 17:48:03,288 INFO Job submission was successful and job_id is 44802178
2024-10-18 17:48:08,496 INFO Job submission was successful and job_id is 44802179
2024-10-18 17:48:13,721 INFO Job submission was successful and job_id is 44802180
2024-10-18 17:49:18,947 INFO The number of jobs currently in the queue is: 1
2024-10-18 17:49:19,162 INFO Job submission was successful and job_id is 44802184
2024-10-18 17:49:24,366 INFO Job submission was successful and job_id is 44802185
2024-10-18 17:49:29,575 INFO Job submission was successful and job_id is 44802186
2024-10-18 17:49:34,781 INFO Job submission was successful and job_id is 44802187
2024-10-18 17:50:40,019 INFO The number of jobs currently in the queue is: 1
2024-10-18 17:50:40,240 INFO Job submission was successful and job_id is 44802193
2024-10-18 17:50:45,442 INFO Job submission was successful and job_id is 44802194
2024-10-18 17:50:50,662 INFO Job submission was successful and job_id is 44802196
2024-10-18 17:50:55,953 INFO Job submission was successful and job_id is 44802197
2024-10-18 17:52:01,224 INFO The number of jobs currently in the queue is: 1
2024-10-18 17:52:01,455 INFO Job submission was successful and job_id is 44802200
2024-10-18 17:52:06,691 INFO Job submission was successful and job_id is 44802201
2024-10-18 17:52:11,954 INFO Job submission was successful and job_id is 44802202
2024-10-18 17:52:17,194 INFO Job submission was successful and job_id is 44802203
2024-10-18 17:53:22,397 INFO The number of jobs currently in the queue is: 1
2024-10-18 17:53:22,684 INFO Job submission was successful and job_id is 44802204
2024-10-18 17:53:27,908 INFO Job submission was successful and job_id is 44802205
2024-10-18 17:53:33,183 INFO Job submission was successful and job_id is 44802206
2024-10-18 17:53:38,421 INFO Job submission was successful and job_id is 44802207
2024-10-18 17:54:43,700 INFO The number of jobs currently in the queue is: 1
2024-10-18 17:54:43,950 INFO Job submission was successful and job_id is 44802211
2024-10-18 17:54:49,185 INFO Job submission was successful and job_id is 44802212
2024-10-18 17:54:54,427 INFO Job submission was successful and job_id is 44802214
2024-10-18 17:54:59,657 INFO Job submission was successful and job_id is 44802215
2024-10-18 17:56:04,852 INFO The number of jobs currently in the queue is: 1
2024-10-18 17:56:05,103 INFO Job submission was successful and job_id is 44802223
2024-10-18 17:56:10,337 INFO Job submission was successful and job_id is 44802224
2024-10-18 17:56:15,555 INFO Job submission was successful and job_id is 44802225
2024-10-18 17:56:20,763 INFO Job submission was successful and job_id is 44802226
2024-10-18 17:57:25,998 INFO The number of jobs currently in the queue is: 1
2024-10-18 17:57:26,262 INFO Job submission was successful and job_id is 44802235
2024-10-18 17:57:31,496 INFO Job submission was successful and job_id is 44802236
2024-10-18 17:57:36,743 INFO Job submission was successful and job_id is 44802237
2024-10-18 17:57:41,933 INFO Job submission was successful and job_id is 44802238
2024-10-18 17:58:47,161 INFO The number of jobs currently in the queue is: 1
2024-10-18 17:58:47,368 INFO Job submission was successful and job_id is 44802241
2024-10-18 17:58:52,584 INFO Job submission was successful and job_id is 44802242
2024-10-18 17:58:57,799 INFO Job submission was successful and job_id is 44802243
2024-10-18 17:59:02,997 INFO Job submission was successful and job_id is 44802244
2024-10-18 18:00:08,270 INFO The number of jobs currently in the queue is: 1
2024-10-18 18:00:08,451 INFO Job submission was successful and job_id is 44802248
2024-10-18 18:00:13,647 INFO Job submission was successful and job_id is 44802249
2024-10-18 18:00:18,820 INFO Job submission was successful and job_id is 44802250
2024-10-18 18:00:24,015 INFO Job submission was successful and job_id is 44802251
2024-10-18 18:01:29,186 INFO The number of jobs currently in the queue is: 1
2024-10-18 18:01:29,359 INFO Job submission was successful and job_id is 44802252
2024-10-18 18:01:34,535 INFO Job submission was successful and job_id is 44802253
2024-10-18 18:01:39,726 INFO Job submission was successful and job_id is 44802254
2024-10-18 18:01:44,904 INFO Job submission was successful and job_id is 44802255
2024-10-18 18:02:50,097 INFO The number of jobs currently in the queue is: 1
2024-10-18 18:02:50,283 INFO Job submission was successful and job_id is 44802259
2024-10-18 18:02:55,503 INFO Job submission was successful and job_id is 44802260
2024-10-18 18:03:00,680 INFO Job submission was successful and job_id is 44802261
2024-10-18 18:03:05,869 INFO Job submission was successful and job_id is 44802262
2024-10-18 18:04:11,040 INFO The number of jobs currently in the queue is: 1
2024-10-18 18:04:11,220 INFO Job submission was successful and job_id is 44802265
2024-10-18 18:04:16,402 INFO Job submission was successful and job_id is 44802267
2024-10-18 18:04:21,598 INFO Job submission was successful and job_id is 44802269
2024-10-18 18:04:26,798 INFO Job submission was successful and job_id is 44802270
2024-10-18 18:05:32,011 INFO The number of jobs currently in the queue is: 1
2024-10-18 18:05:32,207 INFO Job submission was successful and job_id is 44802277
2024-10-18 18:05:37,400 INFO Job submission was successful and job_id is 44802278
2024-10-18 18:05:42,644 INFO Job submission was successful and job_id is 44802280
2024-10-18 18:05:47,821 INFO Job submission was successful and job_id is 44802281
2024-10-18 18:06:53,024 INFO The number of jobs currently in the queue is: 1
2024-10-18 18:06:53,221 INFO Job submission was successful and job_id is 44802287
2024-10-18 18:06:58,411 INFO Job submission was successful and job_id is 44802288
2024-10-18 18:07:03,585 INFO Job submission was successful and job_id is 44802290
2024-10-18 18:07:08,771 INFO Job submission was successful and job_id is 44802291
2024-10-18 18:08:13,985 INFO The number of jobs currently in the queue is: 1
2024-10-18 18:08:14,171 INFO Job submission was successful and job_id is 44802293
2024-10-18 18:08:19,358 INFO Job submission was successful and job_id is 44802294
2024-10-18 18:08:24,527 INFO Job submission was successful and job_id is 44802295
2024-10-18 18:08:29,719 INFO Job submission was successful and job_id is 44802296
2024-10-18 18:09:34,931 INFO The number of jobs currently in the queue is: 1
2024-10-18 18:09:35,123 INFO Job submission was successful and job_id is 44802299
2024-10-18 18:09:40,301 INFO Job submission was successful and job_id is 44802300
2024-10-18 18:09:45,481 INFO Job submission was successful and job_id is 44802301
2024-10-18 18:09:50,662 INFO Job submission was successful and job_id is 44802302
2024-10-18 18:10:55,837 INFO The number of jobs currently in the queue is: 1
2024-10-18 18:10:56,029 INFO Job submission was successful and job_id is 44802304
2024-10-18 18:11:01,206 INFO Job submission was successful and job_id is 44802305
2024-10-18 18:11:06,392 INFO Job submission was successful and job_id is 44802306
2024-10-18 18:11:11,588 INFO Job submission was successful and job_id is 44802307
2024-10-18 18:12:16,761 INFO The number of jobs currently in the queue is: 1
2024-10-18 18:12:16,940 INFO Job submission was successful and job_id is 44802308
2024-10-18 18:12:22,126 INFO Job submission was successful and job_id is 44802309
2024-10-18 18:12:27,301 INFO Job submission was successful and job_id is 44802310
2024-10-18 18:12:32,472 INFO Job submission was successful and job_id is 44802311
2024-10-18 18:13:37,693 INFO The number of jobs currently in the queue is: 1
2024-10-18 18:13:37,902 INFO Job submission was successful and job_id is 44802319
2024-10-18 18:13:43,099 INFO Job submission was successful and job_id is 44802320
2024-10-18 18:13:48,305 INFO Job submission was successful and job_id is 44802321
2024-10-18 18:13:53,493 INFO Job submission was successful and job_id is 44802322
2024-10-18 18:14:58,703 INFO The number of jobs currently in the queue is: 1
2024-10-18 18:14:58,904 INFO Job submission was successful and job_id is 44802329
2024-10-18 18:15:04,113 INFO Job submission was successful and job_id is 44802335
2024-10-18 18:15:09,298 INFO Job submission was successful and job_id is 44802336
2024-10-18 18:15:14,513 INFO Job submission was successful and job_id is 44802337
2024-10-18 18:16:19,721 INFO The number of jobs currently in the queue is: 1
2024-10-18 18:16:19,945 INFO Job submission was successful and job_id is 44802344
2024-10-18 18:16:25,119 INFO Job submission was successful and job_id is 44802345
2024-10-18 18:16:30,307 INFO Job submission was successful and job_id is 44802346
2024-10-18 18:16:35,530 INFO Job submission was successful and job_id is 44802347
2024-10-18 18:17:40,725 INFO The number of jobs currently in the queue is: 1
2024-10-18 18:17:40,939 INFO Job submission was successful and job_id is 44802353
2024-10-18 18:17:46,112 INFO Job submission was successful and job_id is 44802354
2024-10-18 18:17:51,284 INFO Job submission was successful and job_id is 44802355
2024-10-18 18:17:56,538 INFO Job submission was successful and job_id is 44802356
2024-10-18 18:19:01,722 INFO The number of jobs currently in the queue is: 1
2024-10-18 18:19:01,917 INFO Job submission was successful and job_id is 44802361
2024-10-18 18:19:07,120 INFO Job submission was successful and job_id is 44802369
2024-10-18 18:19:12,308 INFO Job submission was successful and job_id is 44802371
2024-10-18 18:19:17,552 INFO Job submission was successful and job_id is 44802372
2024-10-18 18:20:22,771 INFO The number of jobs currently in the queue is: 1
2024-10-18 18:20:22,953 INFO Job submission was successful and job_id is 44802373
2024-10-18 18:20:28,139 INFO Job submission was successful and job_id is 44802374
2024-10-18 18:20:33,322 INFO Job submission was successful and job_id is 44802376
2024-10-18 18:20:38,537 INFO Job submission was successful and job_id is 44802377
2024-10-18 18:21:43,716 INFO The number of jobs currently in the queue is: 1
2024-10-18 18:21:43,905 INFO Job submission was successful and job_id is 44802379
2024-10-18 18:21:49,103 INFO Job submission was successful and job_id is 44802380
2024-10-18 18:21:54,344 INFO Job submission was successful and job_id is 44802381
2024-10-18 18:21:59,547 INFO Job submission was successful and job_id is 44802383
2024-10-18 18:23:04,733 INFO The number of jobs currently in the queue is: 1
2024-10-18 18:23:04,935 INFO Job submission was successful and job_id is 44802384
2024-10-18 18:23:10,111 INFO Job submission was successful and job_id is 44802385
2024-10-18 18:23:15,339 INFO Job submission was successful and job_id is 44802387
2024-10-18 18:23:20,519 INFO Job submission was successful and job_id is 44802388
2024-10-18 18:24:25,771 INFO The number of jobs currently in the queue is: 1
2024-10-18 18:24:25,963 INFO Job submission was successful and job_id is 44802390
2024-10-18 18:24:31,146 INFO Job submission was successful and job_id is 44802391
2024-10-18 18:24:36,355 INFO Job submission was successful and job_id is 44802392
